%!Adobe-FontList 1.22
%Locale:0x409

%BeginFont
Handler:DirectoryHandler
FontType:Invalid
OutlineFileName:/Users/macosphere/Desktop/Git/HPlayer3/apps/2023_MHL4_Docs/MHL4_Applis/Document fonts/AdobeFnt22.lst
FileLength:2247
FileModTime:722189011
%EndFont

%BeginFont
Handler:DirectoryHandler
FontType:Invalid
OutlineFileName:/Users/macosphere/Desktop/Git/HPlayer3/apps/2023_MHL4_Docs/MHL4_Applis/Document fonts/AdobeFnt23.lst
FileLength:2216
FileModTime:721649583
%EndFont

%BeginFont
Handler:DirectoryHandler
FontType:Type1
FontName:GGcanut-Extra-Bold
FamilyName:GGcanut
StyleName:Extra-Bold
MenuName:GGcanut
StyleBits:0
WeightClass:800
WidthClass:3
AngleClass:0
FullName:GGcanut Extra-Bold
WritingScript:Roman
OutlineFileName:/Users/macosphere/Desktop/Git/HPlayer3/apps/2023_MHL4_Docs/MHL4_Applis/Document fonts/GGcanut Extra-Bold.otf
DataFormat:sfntData
UsesStandardEncoding:yes
isCFF:yes
hasSVG:no
VariableFontType:NonVariableFont
FileLength:126532
FileModTime:721648279
NameArray:0,Mac,18,GGcanut Extra-Bold
NameArray:0,Mac,4,GGcanut Extra-Bold
NameArray:0,Win,1,GGcanut
%EndFont

%BeginFont
Handler:DirectoryHandler
FontType:Type1
FontName:GGcanut-Bold
FamilyName:GGcanut
StyleName:Bold
MenuName:GGcanut
StyleBits:0
WeightClass:700
WidthClass:3
AngleClass:0
FullName:GGcanut Bold
WritingScript:Roman
OutlineFileName:/Users/macosphere/Desktop/Git/HPlayer3/apps/2023_MHL4_Docs/MHL4_Applis/Document fonts/GGcanut-Bold.otf
DataFormat:sfntData
UsesStandardEncoding:yes
isCFF:yes
hasSVG:no
VariableFontType:NonVariableFont
FileLength:130264
FileModTime:721648279
NameArray:0,Mac,18,GGcanut Bold
NameArray:0,Mac,4,GGcanut Bold
NameArray:0,Win,1,GGcanut
%EndFont

%BeginFont
Handler:DirectoryHandler
FontType:Type1
FontName:GGcanut-Medium
FamilyName:GGcanut
StyleName:Medium
MenuName:GGcanut
StyleBits:0
WeightClass:500
WidthClass:3
AngleClass:0
FullName:GGcanut Medium
WritingScript:Roman
OutlineFileName:/Users/macosphere/Desktop/Git/HPlayer3/apps/2023_MHL4_Docs/MHL4_Applis/Document fonts/GGcanut-Medium.otf
DataFormat:sfntData
UsesStandardEncoding:yes
isCFF:yes
hasSVG:no
VariableFontType:NonVariableFont
FileLength:129968
FileModTime:721648279
NameArray:0,Mac,18,GGcanut Medium
NameArray:0,Mac,4,GGcanut Medium
NameArray:0,Win,1,GGcanut
%EndFont

