%!Adobe-FontList 1.23
%Locale:0x409

%BeginFont
Handler:DirectoryHandler
FontType:Invalid
OutlineFileName:/Users/mariebalmer/Dropbox/-->GG_interne/-->Gadagne_Pouvoir/EXE/Assemblage Interface_VideoTactile_09-11-2023/Document fonts/AdobeFnt23.lst
FileLength:1852
FileModTime:721648279
%EndFont

%BeginFont
Handler:DirectoryHandler
FontType:Type1
FontName:GGcanut-Extra-Bold
FamilyName:GGcanut
StyleName:Extra-Bold
MenuName:GGcanut
StyleBits:0
WeightClass:800
WidthClass:3
AngleClass:0
FullName:GGcanut Extra-Bold
WritingScript:Roman
OutlineFileName:/Users/mariebalmer/Dropbox/-->GG_interne/-->Gadagne_Pouvoir/EXE/Assemblage Interface_VideoTactile_09-11-2023/Document fonts/GGcanut Extra-Bold.otf
DataFormat:sfntData
UsesStandardEncoding:yes
isCFF:yes
hasSVG:no
hasCOLR:no
VariableFontType:NonVariableFont
FileLength:126532
FileModTime:721648279
NameArray:0,Mac,18,GGcanut Extra-Bold
NameArray:0,Mac,4,GGcanut Extra-Bold
NameArray:0,Win,1,GGcanut
%EndFont

%BeginFont
Handler:DirectoryHandler
FontType:Type1
FontName:GGcanut-Bold
FamilyName:GGcanut
StyleName:Bold
MenuName:GGcanut
StyleBits:0
WeightClass:700
WidthClass:3
AngleClass:0
FullName:GGcanut Bold
WritingScript:Roman
OutlineFileName:/Users/mariebalmer/Dropbox/-->GG_interne/-->Gadagne_Pouvoir/EXE/Assemblage Interface_VideoTactile_09-11-2023/Document fonts/GGcanut-Bold.otf
DataFormat:sfntData
UsesStandardEncoding:yes
isCFF:yes
hasSVG:no
hasCOLR:no
VariableFontType:NonVariableFont
FileLength:130264
FileModTime:721648279
NameArray:0,Mac,18,GGcanut Bold
NameArray:0,Mac,4,GGcanut Bold
NameArray:0,Win,1,GGcanut
%EndFont

%BeginFont
Handler:DirectoryHandler
FontType:Type1
FontName:GGcanut-Medium
FamilyName:GGcanut
StyleName:Medium
MenuName:GGcanut
StyleBits:0
WeightClass:500
WidthClass:3
AngleClass:0
FullName:GGcanut Medium
WritingScript:Roman
OutlineFileName:/Users/mariebalmer/Dropbox/-->GG_interne/-->Gadagne_Pouvoir/EXE/Assemblage Interface_VideoTactile_09-11-2023/Document fonts/GGcanut-Medium.otf
DataFormat:sfntData
UsesStandardEncoding:yes
isCFF:yes
hasSVG:no
hasCOLR:no
VariableFontType:NonVariableFont
FileLength:129968
FileModTime:721648279
NameArray:0,Mac,18,GGcanut Medium
NameArray:0,Mac,4,GGcanut Medium
NameArray:0,Win,1,GGcanut
%EndFont

